<?xml version="1.0" encoding="UTF-8"?>
<testsuite errors="0" failures="0" name="test_segment_size_post_production_tests.ProductionTests-20170628145017" skipped="0" tests="84" time="209.863">
	<testcase classname="test_segment_size_post_production_tests.ProductionTests" name="test_brands_and_categ_and_behaviours_and_country_us_and_state_and_gender_and_age_and_exclude_dma_and_exclude_brand" time="3.851"/>
	<testcase classname="test_segment_size_post_production_tests.ProductionTests" name="test_brands_and_categ_and_behaviours_and_country_us_and_state_and_gender_and_multiple_age_and_exclude_dma_and_exclude_brand" time="4.345"/>
	<testcase classname="test_segment_size_post_production_tests.ProductionTests" name="test_brands_and_categ_and_behaviours_and_country_us_and_state_and_gender_and_multiple_age_and_exclude_dma_and_exclude_brand_and_exclude_behavior" time="4.855"/>
	<testcase classname="test_segment_size_post_production_tests.ProductionTests" name="test_brands_or_categ_or_behaviours_and_country_us" time="2.252"/>
	<testcase classname="test_segment_size_post_production_tests.ProductionTests" name="test_brands_or_categ_or_behaviours_and_country_us_and_state_and_gender_and_age_and_exclude_dma_and_exclude_brand" time="3.071"/>
	<testcase classname="test_segment_size_post_production_tests.ProductionTests" name="test_brands_or_categ_or_behaviours_and_country_us_and_state_and_gender_and_multiple_age_and_exclude_dma_and_exclude_brand_and_exclude_behavior" time="4.542"/>
	<testcase classname="test_segment_size_post_production_tests.ProductionTests" name="test_brands_or_categ_or_behaviours_and_country_us_and_state_and_gender_and_multiple_age_and_exclude_dma_and_exclude_brand_and_exclude_behavior_include_and_exclude_segment" time="5.085"/>
	<testcase classname="test_segment_size_post_production_tests.ProductionTests" name="test_country_and_or_between_states_and_dmas" time="2.492"/>
	<testcase classname="test_segment_size_post_production_tests.ProductionTests" name="test_country_and_or_between_states_and_dmas_and_not_dma" time="2.629"/>
	<testcase classname="test_segment_size_post_production_tests.ProductionTests" name="test_country_and_or_between_states_and_exlude_multiple_dmas" time="2.489"/>
	<testcase classname="test_segment_size_post_production_tests.ProductionTests" name="test_users_in_cn_and_are_soccermoms" time="1.638"/>
	<testcase classname="test_segment_size_post_production_tests.ProductionTests" name="test_users_in_gb" time="0.941"/>
	<testcase classname="test_segment_size_post_production_tests.ProductionTests" name="test_users_in_gb_and_age_13_to_17" time="3.022"/>
	<testcase classname="test_segment_size_post_production_tests.ProductionTests" name="test_users_in_gb_and_age_18_to_24" time="2.625"/>
	<testcase classname="test_segment_size_post_production_tests.ProductionTests" name="test_users_in_gb_and_age_25_to_34" time="1.611"/>
	<testcase classname="test_segment_size_post_production_tests.ProductionTests" name="test_users_in_gb_and_age_35_to_44" time="1.633"/>
	<testcase classname="test_segment_size_post_production_tests.ProductionTests" name="test_users_in_gb_and_age_45_to_54" time="1.708"/>
	<testcase classname="test_segment_size_post_production_tests.ProductionTests" name="test_users_in_gb_and_age_55_to_64" time="2.354"/>
	<testcase classname="test_segment_size_post_production_tests.ProductionTests" name="test_users_in_gb_and_age_greater_than_65" time="2.457"/>
	<testcase classname="test_segment_size_post_production_tests.ProductionTests" name="test_users_in_gb_and_age_unknown" time="2.152"/>
	<testcase classname="test_segment_size_post_production_tests.ProductionTests" name="test_users_in_uk_and_female" time="2.512"/>
	<testcase classname="test_segment_size_post_production_tests.ProductionTests" name="test_users_in_uk_and_male" time="2.575"/>
	<testcase classname="test_segment_size_post_production_tests.ProductionTests" name="test_users_in_uk_and_unknown" time="2.572"/>
	<testcase classname="test_segment_size_post_production_tests.ProductionTests" name="test_users_in_us" time="2.290"/>
	<testcase classname="test_segment_size_post_production_tests.ProductionTests" name="test_users_in_us_and_age_13_to_17" time="2.458"/>
	<testcase classname="test_segment_size_post_production_tests.ProductionTests" name="test_users_in_us_and_age_18_to_24" time="1.623"/>
	<testcase classname="test_segment_size_post_production_tests.ProductionTests" name="test_users_in_us_and_age_25_to_34" time="2.437"/>
	<testcase classname="test_segment_size_post_production_tests.ProductionTests" name="test_users_in_us_and_age_35_to_44" time="2.406"/>
	<testcase classname="test_segment_size_post_production_tests.ProductionTests" name="test_users_in_us_and_age_45_to_54" time="2.766"/>
	<testcase classname="test_segment_size_post_production_tests.ProductionTests" name="test_users_in_us_and_age_55_to_64" time="2.253"/>
	<testcase classname="test_segment_size_post_production_tests.ProductionTests" name="test_users_in_us_and_age_greater_than_65" time="2.396"/>
	<testcase classname="test_segment_size_post_production_tests.ProductionTests" name="test_users_in_us_and_big_city_moms" time="2.864"/>
	<testcase classname="test_segment_size_post_production_tests.ProductionTests" name="test_users_in_us_and_commuters" time="2.113"/>
	<testcase classname="test_segment_size_post_production_tests.ProductionTests" name="test_users_in_us_and_dad" time="2.424"/>
	<testcase classname="test_segment_size_post_production_tests.ProductionTests" name="test_users_in_us_and_diys" time="2.679"/>
	<testcase classname="test_segment_size_post_production_tests.ProductionTests" name="test_users_in_us_and_female" time="2.885"/>
	<testcase classname="test_segment_size_post_production_tests.ProductionTests" name="test_users_in_us_and_golfers" time="1.433"/>
	<testcase classname="test_segment_size_post_production_tests.ProductionTests" name="test_users_in_us_and_hispanics" time="1.861"/>
	<testcase classname="test_segment_size_post_production_tests.ProductionTests" name="test_users_in_us_and_home_contractors" time="2.681"/>
	<testcase classname="test_segment_size_post_production_tests.ProductionTests" name="test_users_in_us_and_in_california" time="1.977"/>
	<testcase classname="test_segment_size_post_production_tests.ProductionTests" name="test_users_in_us_and_in_california_and_exclude_dma_los_angeles" time="2.765"/>
	<testcase classname="test_segment_size_post_production_tests.ProductionTests" name="test_users_in_us_and_in_california_and_exclude_dma_san_francisco" time="2.223"/>
	<testcase classname="test_segment_size_post_production_tests.ProductionTests" name="test_users_in_us_and_in_market_for_furnitures" time="1.700"/>
	<testcase classname="test_segment_size_post_production_tests.ProductionTests" name="test_users_in_us_and_in_new_york" time="2.630"/>
	<testcase classname="test_segment_size_post_production_tests.ProductionTests" name="test_users_in_us_and_in_new_york_and_exclude_dma_new_york" time="2.766"/>
	<testcase classname="test_segment_size_post_production_tests.ProductionTests" name="test_users_in_us_and_in_texas" time="2.185"/>
	<testcase classname="test_segment_size_post_production_tests.ProductionTests" name="test_users_in_us_and_inmarket_for_carriers" time="1.603"/>
	<testcase classname="test_segment_size_post_production_tests.ProductionTests" name="test_users_in_us_and_male" time="2.202"/>
	<testcase classname="test_segment_size_post_production_tests.ProductionTests" name="test_users_in_us_and_millennials" time="1.893"/>
	<testcase classname="test_segment_size_post_production_tests.ProductionTests" name="test_users_in_us_and_or_not_and_between_segments" time="3.412"/>
	<testcase classname="test_segment_size_post_production_tests.ProductionTests" name="test_users_in_us_and_soccer_moms" time="2.359"/>
	<testcase classname="test_segment_size_post_production_tests.ProductionTests" name="test_users_in_us_and_sportsenthusiasts" time="1.720"/>
	<testcase classname="test_segment_size_post_production_tests.ProductionTests" name="test_users_in_us_and_stay_at_mom_and_are_female" time="1.536"/>
	<testcase classname="test_segment_size_post_production_tests.ProductionTests" name="test_users_in_us_and_unknown" time="2.544"/>
	<testcase classname="test_segment_size_post_production_tests.ProductionTests" name="test_users_in_us_and_unknown_age" time="2.432"/>
	<testcase classname="test_segment_size_post_production_tests.ProductionTests" name="test_users_in_us_and_visited_home_depot" time="2.482"/>
	<testcase classname="test_segment_size_post_production_tests.ProductionTests" name="test_users_in_us_and_visited_kfc" time="2.273"/>
	<testcase classname="test_segment_size_post_production_tests.ProductionTests" name="test_users_in_us_and_visited_mcdonalds" time="2.643"/>
	<testcase classname="test_segment_size_post_production_tests.ProductionTests" name="test_users_in_us_and_visited_taco_bell" time="2.050"/>
	<testcase classname="test_segment_size_post_production_tests.ProductionTests" name="test_users_in_us_and_visited_walmart_supercenter" time="2.881"/>
	<testcase classname="test_segment_size_post_production_tests.ProductionTests" name="test_users_in_usa_and_business_travellers_and_not_visited_kfc" time="2.458"/>
	<testcase classname="test_segment_size_post_production_tests.ProductionTests" name="test_users_in_usa_and_business_travellers_and_visited_kfc" time="2.338"/>
	<testcase classname="test_segment_size_post_production_tests.ProductionTests" name="test_users_in_usa_and_category_automobile_dealers_new_cars" time="3.209"/>
	<testcase classname="test_segment_size_post_production_tests.ProductionTests" name="test_users_in_usa_and_category_department_stores" time="2.628"/>
	<testcase classname="test_segment_size_post_production_tests.ProductionTests" name="test_users_in_usa_and_category_pharmacies" time="1.741"/>
	<testcase classname="test_segment_size_post_production_tests.ProductionTests" name="test_users_in_usa_and_category_restaurants" time="1.947"/>
	<testcase classname="test_segment_size_post_production_tests.ProductionTests" name="test_users_in_usa_and_soccer_moms_and_dad" time="2.387"/>
	<testcase classname="test_segment_size_post_production_tests.ProductionTests" name="test_users_in_usa_and_soccer_moms_and_gender_female" time="2.117"/>
	<testcase classname="test_segment_size_post_production_tests.ProductionTests" name="test_users_in_usa_and_soccer_moms_and_gender_male" time="2.593"/>
	<testcase classname="test_segment_size_post_production_tests.ProductionTests" name="test_users_in_usa_and_soccer_moms_and_visted_target" time="2.738"/>
	<testcase classname="test_segment_size_post_production_tests.ProductionTests" name="test_users_in_usa_and_soccermoms_not_visited_target" time="2.892"/>
	<testcase classname="test_segment_size_post_production_tests.ProductionTests" name="test_users_in_usa_and_soccermoms_or_visited_target" time="2.634"/>
	<testcase classname="test_segment_size_post_production_tests.ProductionTests" name="test_users_in_usa_and_visited_burger_king" time="1.463"/>
	<testcase classname="test_segment_size_post_production_tests.ProductionTests" name="test_users_in_usa_and_visited_costco" time="2.285"/>
	<testcase classname="test_segment_size_post_production_tests.ProductionTests" name="test_users_in_usa_and_visited_costco_and_target" time="2.360"/>
	<testcase classname="test_segment_size_post_production_tests.ProductionTests" name="test_users_in_usa_and_visited_home_depot_and_gender_female" time="2.522"/>
	<testcase classname="test_segment_size_post_production_tests.ProductionTests" name="test_users_in_usa_and_visited_home_depot_and_gender_male" time="2.016"/>
	<testcase classname="test_segment_size_post_production_tests.ProductionTests" name="test_users_in_usa_and_visited_kfc_and_taco" time="1.861"/>
	<testcase classname="test_segment_size_post_production_tests.ProductionTests" name="test_users_in_usa_and_visited_kfc_and_taco_and_mcdonalds" time="2.868"/>
	<testcase classname="test_segment_size_post_production_tests.ProductionTests" name="test_users_in_usa_and_visited_kfc_or_taco" time="2.526"/>
	<testcase classname="test_segment_size_post_production_tests.ProductionTests" name="test_users_in_usa_and_visited_target" time="2.576"/>
	<testcase classname="test_segment_size_post_production_tests.ProductionTests" name="test_users_in_usa_and_visited_target_and_visited_departmental_stores" time="2.719"/>
	<testcase classname="test_segment_size_post_production_tests.ProductionTests" name="test_users_in_usa_and_visited_walmart" time="2.329"/>
	<testcase classname="test_segment_size_post_production_tests.ProductionTests" name="test_users_who_dont_have_country" time="5.400"/>
	<system-out>
<![CDATA[]]>	</system-out>
	<system-err>
<![CDATA[]]>	</system-err>
</testsuite>
