<?xml version="1.0" encoding="UTF-8"?>
<testsuite errors="0" failures="0" name="test_segment_size_post_production_tests.ProductionTests-20170628133907" skipped="0" tests="84" time="208.235">
	<testcase classname="test_segment_size_post_production_tests.ProductionTests" name="test_brands_and_categ_and_behaviours_and_country_us_and_state_and_gender_and_age_and_exclude_dma_and_exclude_brand" time="3.919"/>
	<testcase classname="test_segment_size_post_production_tests.ProductionTests" name="test_brands_and_categ_and_behaviours_and_country_us_and_state_and_gender_and_multiple_age_and_exclude_dma_and_exclude_brand" time="3.676"/>
	<testcase classname="test_segment_size_post_production_tests.ProductionTests" name="test_brands_and_categ_and_behaviours_and_country_us_and_state_and_gender_and_multiple_age_and_exclude_dma_and_exclude_brand_and_exclude_behavior" time="3.626"/>
	<testcase classname="test_segment_size_post_production_tests.ProductionTests" name="test_brands_or_categ_or_behaviours_and_country_us" time="2.666"/>
	<testcase classname="test_segment_size_post_production_tests.ProductionTests" name="test_brands_or_categ_or_behaviours_and_country_us_and_state_and_gender_and_age_and_exclude_dma_and_exclude_brand" time="2.658"/>
	<testcase classname="test_segment_size_post_production_tests.ProductionTests" name="test_brands_or_categ_or_behaviours_and_country_us_and_state_and_gender_and_multiple_age_and_exclude_dma_and_exclude_brand_and_exclude_behavior" time="3.892"/>
	<testcase classname="test_segment_size_post_production_tests.ProductionTests" name="test_brands_or_categ_or_behaviours_and_country_us_and_state_and_gender_and_multiple_age_and_exclude_dma_and_exclude_brand_and_exclude_behavior_include_and_exclude_segment" time="4.951"/>
	<testcase classname="test_segment_size_post_production_tests.ProductionTests" name="test_country_and_or_between_states_and_dmas" time="2.421"/>
	<testcase classname="test_segment_size_post_production_tests.ProductionTests" name="test_country_and_or_between_states_and_dmas_and_not_dma" time="2.672"/>
	<testcase classname="test_segment_size_post_production_tests.ProductionTests" name="test_country_and_or_between_states_and_exlude_multiple_dmas" time="3.473"/>
	<testcase classname="test_segment_size_post_production_tests.ProductionTests" name="test_users_in_cn_and_are_soccermoms" time="2.493"/>
	<testcase classname="test_segment_size_post_production_tests.ProductionTests" name="test_users_in_gb" time="2.012"/>
	<testcase classname="test_segment_size_post_production_tests.ProductionTests" name="test_users_in_gb_and_age_13_to_17" time="2.457"/>
	<testcase classname="test_segment_size_post_production_tests.ProductionTests" name="test_users_in_gb_and_age_18_to_24" time="2.560"/>
	<testcase classname="test_segment_size_post_production_tests.ProductionTests" name="test_users_in_gb_and_age_25_to_34" time="2.527"/>
	<testcase classname="test_segment_size_post_production_tests.ProductionTests" name="test_users_in_gb_and_age_35_to_44" time="1.470"/>
	<testcase classname="test_segment_size_post_production_tests.ProductionTests" name="test_users_in_gb_and_age_45_to_54" time="2.660"/>
	<testcase classname="test_segment_size_post_production_tests.ProductionTests" name="test_users_in_gb_and_age_55_to_64" time="1.436"/>
	<testcase classname="test_segment_size_post_production_tests.ProductionTests" name="test_users_in_gb_and_age_greater_than_65" time="1.644"/>
	<testcase classname="test_segment_size_post_production_tests.ProductionTests" name="test_users_in_gb_and_age_unknown" time="1.429"/>
	<testcase classname="test_segment_size_post_production_tests.ProductionTests" name="test_users_in_uk_and_female" time="1.633"/>
	<testcase classname="test_segment_size_post_production_tests.ProductionTests" name="test_users_in_uk_and_male" time="2.458"/>
	<testcase classname="test_segment_size_post_production_tests.ProductionTests" name="test_users_in_uk_and_unknown" time="2.560"/>
	<testcase classname="test_segment_size_post_production_tests.ProductionTests" name="test_users_in_us" time="0.990"/>
	<testcase classname="test_segment_size_post_production_tests.ProductionTests" name="test_users_in_us_and_age_13_to_17" time="2.492"/>
	<testcase classname="test_segment_size_post_production_tests.ProductionTests" name="test_users_in_us_and_age_18_to_24" time="2.061"/>
	<testcase classname="test_segment_size_post_production_tests.ProductionTests" name="test_users_in_us_and_age_25_to_34" time="2.583"/>
	<testcase classname="test_segment_size_post_production_tests.ProductionTests" name="test_users_in_us_and_age_35_to_44" time="2.462"/>
	<testcase classname="test_segment_size_post_production_tests.ProductionTests" name="test_users_in_us_and_age_45_to_54" time="2.456"/>
	<testcase classname="test_segment_size_post_production_tests.ProductionTests" name="test_users_in_us_and_age_55_to_64" time="2.008"/>
	<testcase classname="test_segment_size_post_production_tests.ProductionTests" name="test_users_in_us_and_age_greater_than_65" time="1.434"/>
	<testcase classname="test_segment_size_post_production_tests.ProductionTests" name="test_users_in_us_and_big_city_moms" time="2.355"/>
	<testcase classname="test_segment_size_post_production_tests.ProductionTests" name="test_users_in_us_and_commuters" time="2.048"/>
	<testcase classname="test_segment_size_post_production_tests.ProductionTests" name="test_users_in_us_and_dad" time="1.536"/>
	<testcase classname="test_segment_size_post_production_tests.ProductionTests" name="test_users_in_us_and_diys" time="2.425"/>
	<testcase classname="test_segment_size_post_production_tests.ProductionTests" name="test_users_in_us_and_female" time="1.672"/>
	<testcase classname="test_segment_size_post_production_tests.ProductionTests" name="test_users_in_us_and_golfers" time="2.219"/>
	<testcase classname="test_segment_size_post_production_tests.ProductionTests" name="test_users_in_us_and_hispanics" time="2.482"/>
	<testcase classname="test_segment_size_post_production_tests.ProductionTests" name="test_users_in_us_and_home_contractors" time="2.688"/>
	<testcase classname="test_segment_size_post_production_tests.ProductionTests" name="test_users_in_us_and_in_california" time="2.374"/>
	<testcase classname="test_segment_size_post_production_tests.ProductionTests" name="test_users_in_us_and_in_california_and_exclude_dma_los_angeles" time="2.766"/>
	<testcase classname="test_segment_size_post_production_tests.ProductionTests" name="test_users_in_us_and_in_california_and_exclude_dma_san_francisco" time="1.823"/>
	<testcase classname="test_segment_size_post_production_tests.ProductionTests" name="test_users_in_us_and_in_market_for_furnitures" time="2.441"/>
	<testcase classname="test_segment_size_post_production_tests.ProductionTests" name="test_users_in_us_and_in_new_york" time="2.388"/>
	<testcase classname="test_segment_size_post_production_tests.ProductionTests" name="test_users_in_us_and_in_new_york_and_exclude_dma_new_york" time="2.951"/>
	<testcase classname="test_segment_size_post_production_tests.ProductionTests" name="test_users_in_us_and_in_texas" time="1.832"/>
	<testcase classname="test_segment_size_post_production_tests.ProductionTests" name="test_users_in_us_and_inmarket_for_carriers" time="1.466"/>
	<testcase classname="test_segment_size_post_production_tests.ProductionTests" name="test_users_in_us_and_male" time="2.896"/>
	<testcase classname="test_segment_size_post_production_tests.ProductionTests" name="test_users_in_us_and_millennials" time="2.598"/>
	<testcase classname="test_segment_size_post_production_tests.ProductionTests" name="test_users_in_us_and_or_not_and_between_segments" time="3.279"/>
	<testcase classname="test_segment_size_post_production_tests.ProductionTests" name="test_users_in_us_and_soccer_moms" time="2.455"/>
	<testcase classname="test_segment_size_post_production_tests.ProductionTests" name="test_users_in_us_and_sportsenthusiasts" time="2.268"/>
	<testcase classname="test_segment_size_post_production_tests.ProductionTests" name="test_users_in_us_and_stay_at_mom_and_are_female" time="1.636"/>
	<testcase classname="test_segment_size_post_production_tests.ProductionTests" name="test_users_in_us_and_unknown" time="1.469"/>
	<testcase classname="test_segment_size_post_production_tests.ProductionTests" name="test_users_in_us_and_unknown_age" time="2.026"/>
	<testcase classname="test_segment_size_post_production_tests.ProductionTests" name="test_users_in_us_and_visited_home_depot" time="2.294"/>
	<testcase classname="test_segment_size_post_production_tests.ProductionTests" name="test_users_in_us_and_visited_kfc" time="3.075"/>
	<testcase classname="test_segment_size_post_production_tests.ProductionTests" name="test_users_in_us_and_visited_mcdonalds" time="2.594"/>
	<testcase classname="test_segment_size_post_production_tests.ProductionTests" name="test_users_in_us_and_visited_taco_bell" time="2.562"/>
	<testcase classname="test_segment_size_post_production_tests.ProductionTests" name="test_users_in_us_and_visited_walmart_supercenter" time="2.931"/>
	<testcase classname="test_segment_size_post_production_tests.ProductionTests" name="test_users_in_usa_and_business_travellers_and_not_visited_kfc" time="1.675"/>
	<testcase classname="test_segment_size_post_production_tests.ProductionTests" name="test_users_in_usa_and_business_travellers_and_visited_kfc" time="2.292"/>
	<testcase classname="test_segment_size_post_production_tests.ProductionTests" name="test_users_in_usa_and_category_automobile_dealers_new_cars" time="2.624"/>
	<testcase classname="test_segment_size_post_production_tests.ProductionTests" name="test_users_in_usa_and_category_department_stores" time="1.806"/>
	<testcase classname="test_segment_size_post_production_tests.ProductionTests" name="test_users_in_usa_and_category_pharmacies" time="3.077"/>
	<testcase classname="test_segment_size_post_production_tests.ProductionTests" name="test_users_in_usa_and_category_restaurants" time="1.876"/>
	<testcase classname="test_segment_size_post_production_tests.ProductionTests" name="test_users_in_usa_and_soccer_moms_and_dad" time="1.819"/>
	<testcase classname="test_segment_size_post_production_tests.ProductionTests" name="test_users_in_usa_and_soccer_moms_and_gender_female" time="2.686"/>
	<testcase classname="test_segment_size_post_production_tests.ProductionTests" name="test_users_in_usa_and_soccer_moms_and_gender_male" time="1.943"/>
	<testcase classname="test_segment_size_post_production_tests.ProductionTests" name="test_users_in_usa_and_soccer_moms_and_visted_target" time="1.880"/>
	<testcase classname="test_segment_size_post_production_tests.ProductionTests" name="test_users_in_usa_and_soccermoms_not_visited_target" time="2.116"/>
	<testcase classname="test_segment_size_post_production_tests.ProductionTests" name="test_users_in_usa_and_soccermoms_or_visited_target" time="3.377"/>
	<testcase classname="test_segment_size_post_production_tests.ProductionTests" name="test_users_in_usa_and_visited_burger_king" time="2.355"/>
	<testcase classname="test_segment_size_post_production_tests.ProductionTests" name="test_users_in_usa_and_visited_costco" time="1.880"/>
	<testcase classname="test_segment_size_post_production_tests.ProductionTests" name="test_users_in_usa_and_visited_costco_and_target" time="2.416"/>
	<testcase classname="test_segment_size_post_production_tests.ProductionTests" name="test_users_in_usa_and_visited_home_depot_and_gender_female" time="3.217"/>
	<testcase classname="test_segment_size_post_production_tests.ProductionTests" name="test_users_in_usa_and_visited_home_depot_and_gender_male" time="3.174"/>
	<testcase classname="test_segment_size_post_production_tests.ProductionTests" name="test_users_in_usa_and_visited_kfc_and_taco" time="1.464"/>
	<testcase classname="test_segment_size_post_production_tests.ProductionTests" name="test_users_in_usa_and_visited_kfc_and_taco_and_mcdonalds" time="2.801"/>
	<testcase classname="test_segment_size_post_production_tests.ProductionTests" name="test_users_in_usa_and_visited_kfc_or_taco" time="3.419"/>
	<testcase classname="test_segment_size_post_production_tests.ProductionTests" name="test_users_in_usa_and_visited_target" time="2.900"/>
	<testcase classname="test_segment_size_post_production_tests.ProductionTests" name="test_users_in_usa_and_visited_target_and_visited_departmental_stores" time="2.729"/>
	<testcase classname="test_segment_size_post_production_tests.ProductionTests" name="test_users_in_usa_and_visited_walmart" time="2.420"/>
	<testcase classname="test_segment_size_post_production_tests.ProductionTests" name="test_users_who_dont_have_country" time="6.965"/>
	<system-out>
<![CDATA[]]>	</system-out>
	<system-err>
<![CDATA[]]>	</system-err>
</testsuite>
